2026-06-23 20:02:02,275 - spider.py - INFO - 请先配置当前目录(D:\vibe code\weiboSpider-master\weiboSpider-master)下的config.json文件，如果想了解config.json参数的具体意义及配置方法，请访问
https://github.com/dataabc/weiboSpider#2程序设置
2026-06-23 20:05:00,415 - config_util.py - ERROR - Failed to obtain weibo.cn cookie from Chrome browser: Unable to get key for cookie decryption
2026-06-23 20:05:00,416 - config_util.py - ERROR - Check for cookie failed: Unable to get key for cookie decryption
2026-06-23 20:05:00,417 - spider.py - INFO - Using the cookie field in config.json as the request cookie.
2026-06-23 20:05:01,282 - index_parser.py - ERROR - list index out of range
Traceback (most recent call last):
  File "D:\vibe code\weiboSpider-master\weiboSpider-master\weibo_spider\parser\index_parser.py", line 60, in get_user_async
    self.user.weibo_num = string_to_int(user_info[0][3:-1])
                                        ~~~~~~~~~^^^
IndexError: list index out of range
2026-06-23 20:05:01,287 - spider.py - INFO - None
2026-06-23 20:05:01,287 - spider.py - INFO - ****************************************************************************************************
2026-06-23 20:05:01,332 - spider.py - ERROR - 'NoneType' object has no attribute 'nickname'
Traceback (most recent call last):
  File "D:\vibe code\weiboSpider-master\weiboSpider-master\weibo_spider\spider.py", line 246, in _get_filepath
    dir_name = self.user.nickname
               ^^^^^^^^^^^^^^^^^^
AttributeError: 'NoneType' object has no attribute 'nickname'
2026-06-23 20:05:01,336 - csv_writer.py - ERROR - expected str, bytes or os.PathLike object, not NoneType
Traceback (most recent call last):
  File "D:\vibe code\weiboSpider-master\weiboSpider-master\weibo_spider\writer\csv_writer.py", line 25, in __init__
    with open(self.file_path, 'a', encoding='utf-8-sig',
         ~~~~^^^^^^^^^^^^^^^^^^^^^^^^^^^^^^^^^^^^^^^^^^^
              newline='') as f:
              ^^^^^^^^^^^
TypeError: expected str, bytes or os.PathLike object, not NoneType
2026-06-23 20:05:01,337 - spider.py - ERROR - 'NoneType' object has no attribute 'nickname'
Traceback (most recent call last):
  File "D:\vibe code\weiboSpider-master\weiboSpider-master\weibo_spider\spider.py", line 246, in _get_filepath
    dir_name = self.user.nickname
               ^^^^^^^^^^^^^^^^^^
AttributeError: 'NoneType' object has no attribute 'nickname'
2026-06-23 20:05:01,338 - spider.py - ERROR - 'NoneType' object has no attribute 'nickname'
Traceback (most recent call last):
  File "D:\vibe code\weiboSpider-master\weiboSpider-master\weibo_spider\spider.py", line 246, in _get_filepath
    dir_name = self.user.nickname
               ^^^^^^^^^^^^^^^^^^
AttributeError: 'NoneType' object has no attribute 'nickname'
2026-06-23 20:05:01,339 - spider.py - ERROR - 'NoneType' object has no attribute 'nickname'
Traceback (most recent call last):
  File "D:\vibe code\weiboSpider-master\weiboSpider-master\weibo_spider\spider.py", line 246, in _get_filepath
    dir_name = self.user.nickname
               ^^^^^^^^^^^^^^^^^^
AttributeError: 'NoneType' object has no attribute 'nickname'
2026-06-23 20:05:01,339 - spider.py - ERROR - 'NoneType' object has no attribute 'nickname'
Traceback (most recent call last):
  File "D:\vibe code\weiboSpider-master\weiboSpider-master\weibo_spider\spider.py", line 246, in _get_filepath
    dir_name = self.user.nickname
               ^^^^^^^^^^^^^^^^^^
AttributeError: 'NoneType' object has no attribute 'nickname'
2026-06-23 20:05:01,340 - spider.py - ERROR - 'NoneType' object has no attribute 'nickname'
Traceback (most recent call last):
  File "D:\vibe code\weiboSpider-master\weiboSpider-master\weibo_spider\spider.py", line 339, in get_one_user
    self.write_user(self.user)
    ~~~~~~~~~~~~~~~^^^^^^^^^^^
  File "D:\vibe code\weiboSpider-master\weiboSpider-master\weibo_spider\spider.py", line 141, in write_user
    writer.write_user(user)
    ~~~~~~~~~~~~~~~~~^^^^^^
  File "D:\vibe code\weiboSpider-master\weiboSpider-master\weibo_spider\writer\txt_writer.py", line 29, in write_user
    [v + '：' + str(getattr(self.user, k)) for k, v in self.user_desc])
                    ~~~~~~~^^^^^^^^^^^^^^
AttributeError: 'NoneType' object has no attribute 'nickname'
2026-06-23 20:06:35,337 - config_util.py - ERROR - Failed to obtain weibo.cn cookie from Chrome browser: Unable to get key for cookie decryption
2026-06-23 20:06:35,342 - config_util.py - ERROR - Check for cookie failed: Unable to get key for cookie decryption
2026-06-23 20:06:35,343 - spider.py - INFO - Using the cookie field in config.json as the request cookie.
2026-06-23 20:06:43,286 - spider.py - INFO - 用户昵称: vivo
用户id: 1809745371
微博数: 22521
关注数: 283
粉丝数: 35636000

2026-06-23 20:06:43,286 - spider.py - INFO - ****************************************************************************************************
2026-06-23 20:06:43,301 - txt_writer.py - INFO - vivo信息写入txt文件完毕，保存路径：D:\vibe code\weiboSpider-master\weiboSpider-master\weibo\vivo\1809745371.txt
2026-06-23 20:06:43,301 - spider.py - INFO - ****************************************************************************************************
2026-06-23 20:07:03,568 - util.py - WARNING - 当前账号没有浏览该视频的权限
2026-06-23 20:07:03,570 - page_parser.py - ERROR - cannot access local variable 'video_url' where it is not associated with a value
Traceback (most recent call last):
  File "D:\vibe code\weiboSpider-master\weiboSpider-master\weibo_spider\parser\page_parser.py", line 311, in get_video_url
    video_url = to_video_download_url(self.cookie, video_page_url)
  File "D:\vibe code\weiboSpider-master\weiboSpider-master\weibo_spider\parser\util.py", line 139, in to_video_download_url
    return video_url
           ^^^^^^^^^
UnboundLocalError: cannot access local variable 'video_url' where it is not associated with a value
2026-06-23 20:07:03,574 - page_parser.py - INFO - :#vivo X Fold6# 新品发布会，开启超能折叠新程，展开大屏无限可能，敬请期待！#AI轻办公神器##OriginOS 6#
X Fold6 新品线上全平台已开启正式预约，点击链接即可解锁超值权益，以旧换新至高补贴1500元！
官网：网页链接
京东自营：网页链接
天猫官旗：网页链接
抖音官旗：网页链接
京东官旗：网页链接
拼多多官旗：网页链接
招行官旗：网页链接
快手官旗：网页链接
vivo+小程序：http://t.cn/AXaCHc7Z vivo的微博视频
微博发布位置：无
发布时间：2026-06-16 09:00
发布工具：微博视频号
点赞数：269
转发数：57
评论数：59
url：https://weibo.cn/comment/R4ltkfnIK

2026-06-23 20:07:03,575 - page_parser.py - INFO - ----------------------------------------------------------------------------------------------------
2026-06-23 20:07:06,121 - page_parser.py - INFO - :#vivo X Fold6# MWC上海首秀！
6月24日至6月26日，上海新国际博览中心 N3-B80，vivo X Fold6 抢先上手体验！
原子工作台、影像等体验区同步开放，AI Talk社区特邀重磅嘉宾分享干货，共探AI新可能。现场同步展出 vivo Vision、vivo全家桶，精彩互动，邀您参与。
6月26日19:00，#vivo X Fold6# 新品发布会，敬请期待！#OriginOS 6##AI轻办公神器##vivo[超话]#
微博发布位置：无
发布时间：2026-06-23 15:30
发布工具：vivo超话
点赞数：55
转发数：1
评论数：11
url：https://weibo.cn/comment/R5s161UzU

2026-06-23 20:07:06,122 - page_parser.py - INFO - ----------------------------------------------------------------------------------------------------
2026-06-23 20:07:08,525 - page_parser.py - INFO - :#vivo X Fold6# ，你的#AI轻办公神器# 。
✅AI会议助手，行业首发AI分角色转写+总结，分角色记得清、听得懂、看得透。
✅AI文件管家，文档随口问，细节它来答。
✅小V Claw PC版，需求说出口，任务它搞定，手机远程发指令，电脑自动执行。
AI 会议助手、AI 文件管家、小V Claw PC版，让AI不再停留在聊天框里，而是进入你的真实工作流。
6月26日 19:00 新品发布会，敬请期待！#OriginOS 6#         [
微博发布位置：无
发布时间：2026-06-23 14:29
发布工具：无
点赞数：33
转发数：4
评论数：4
url：https://weibo.cn/comment/R5rCGxhV5

2026-06-23 20:07:08,525 - page_parser.py - INFO - ----------------------------------------------------------------------------------------------------
2026-06-23 20:07:11,718 - util.py - WARNING - 当前账号没有浏览该视频的权限
2026-06-23 20:07:11,720 - page_parser.py - ERROR - cannot access local variable 'video_url' where it is not associated with a value
Traceback (most recent call last):
  File "D:\vibe code\weiboSpider-master\weiboSpider-master\weibo_spider\parser\page_parser.py", line 311, in get_video_url
    video_url = to_video_download_url(self.cookie, video_page_url)
  File "D:\vibe code\weiboSpider-master\weiboSpider-master\weibo_spider\parser\util.py", line 139, in to_video_download_url
    return video_url
           ^^^^^^^^^
UnboundLocalError: cannot access local variable 'video_url' where it is not associated with a value
2026-06-23 20:07:11,722 - page_parser.py - INFO - :#vivo TWS 5 Pro# 多重旗舰实力，只为成就极致体验！
独立Hi-Fi芯片、圈铁纯净合音架构 ，成就#Hi-Fi人声大师# ，让每一句人声，都更动人心。
旗舰降噪、跨生态无缝三连接，从工作到生活，都让你更从容自在。
6 月 26 日 19:00 重磅发布，敬请期待！
点击下方链接即刻预约新品👇🏼
官网：网页链接
天猫：网页链接
京东：网页链接 vivo的微博视频
微博发布位置：无
发布时间：2026-06-22 16:52
发布工具：微博视频号
点赞数：33456
转发数：800
评论数：1256
url：https://weibo.cn/comment/R5j8dC3Eh

2026-06-23 20:07:11,723 - page_parser.py - INFO - ----------------------------------------------------------------------------------------------------
2026-06-23 20:07:14,687 - page_parser.py - INFO - :🚀 评论区晒出你的 四分屏神操作！#vivo X Fold6#
一边蹲直播间抢券，一边盯股票涨跌；左上角追剧，右下角跟朋友聊天……甚至四个窗口全是游戏，轮流玩！
你的原子工作台，想怎么定义就怎么定义～
👇 在评论区晒出你的四分屏图片或文字描述，点赞最高的10位朋友将获得我们准备的🎁！ 
#vivo X Fold6##vivo[超话]#         [
微博发布位置：无
发布时间：2026-06-22 16:47
发布工具：vivo超话
点赞数：51977
转发数：1312
评论数：1143
url：https://weibo.cn/comment/R5j5UzRSp

2026-06-23 20:07:14,690 - page_parser.py - INFO - ----------------------------------------------------------------------------------------------------
2026-06-23 20:07:17,474 - util.py - WARNING - 当前账号没有浏览该视频的权限
2026-06-23 20:07:17,475 - page_parser.py - ERROR - cannot access local variable 'video_url' where it is not associated with a value
Traceback (most recent call last):
  File "D:\vibe code\weiboSpider-master\weiboSpider-master\weibo_spider\parser\page_parser.py", line 311, in get_video_url
    video_url = to_video_download_url(self.cookie, video_page_url)
  File "D:\vibe code\weiboSpider-master\weiboSpider-master\weibo_spider\parser\util.py", line 139, in to_video_download_url
    return video_url
           ^^^^^^^^^
UnboundLocalError: cannot access local variable 'video_url' where it is not associated with a value
2026-06-23 20:07:17,476 - page_parser.py - INFO - :揭秘#vivo X Fold6# 全新升级的原子工作台！不同打开方式，适配更多场景。
看球数据加聊天，就用原子工作台。
旅游攻略做不来，就用原子工作台。
演唱会快人一步，就用原子工作台。
开会值机两不误，就用原子工作台。
一起展开原子工作台的更多面！
6月26日19:00，#vivo X Fold6# 新品发布会，敬请期待！#AI轻办公神器##OriginOS 6# vivo的微博视频
微博发布位置：无
发布时间：2026-06-22 14:31
发布工具：微博视频号
点赞数：20059
转发数：1462
评论数：1147
url：https://weibo.cn/comment/R5icODeNP

2026-06-23 20:07:17,477 - page_parser.py - INFO - ----------------------------------------------------------------------------------------------------
2026-06-23 20:07:17,815 - page_parser.py - INFO - 寻找1000个演唱会神器拍摄机位直拍周杰伦演唱会！0.01元租vivo演唱会神器，山顶也能拥有VIP级清晰画质，长焦直拍周董舞台，每一帧都超清直出。上支付宝搜vivo租赁，抢限量资格！ #vivo演唱会神器#  [组图共2张] 原图 
微博发布位置：无
发布时间：2026-06-22 13:00
发布工具：无
点赞数：22604
转发数：1543
评论数：1541
url：https://weibo.cn/comment/R5hC7026Z

2026-06-23 20:07:17,815 - page_parser.py - INFO - ----------------------------------------------------------------------------------------------------
2026-06-23 20:07:20,774 - page_parser.py - INFO - :带你玩转#vivo X Fold6# 全新升级原子工作台！
去年“1+4”的原子工作台，是「串行模式」下，“一主四副” 的多任务。此次推出「并行模式」，四屏同开。
✅右下角内滑，是打开和切换到「串行模式」的固定手势，三指上滑，切换到「并行模式」。
✅「并行模式」下，窗口尺寸还能无极调节，随意拉动，实时自适应布局。
✅无感跨窗，一拖即办。AI 跨窗拖放，图片转文字、转表格等，一拖AI就能读懂你的拖动意图。
✅常用组合，随点随用。原子工作台也是你的一键任务流入口。曾经使用过的工作台组合，会自动保存到组合库，还能添加组合到桌面，随时一点就能回到状态。
6月26日19:00，#vivo X Fold6# 新品发布会，敬请期待！#AI轻办公神器##OriginOS 6# #vivo[超话]#         [
微博发布位置：无
发布时间：2026-06-22 12:14
发布工具：vivo X Fold6
点赞数：97
转发数：8
评论数：17
url：https://weibo.cn/comment/R5hjj5WiO

2026-06-23 20:07:20,775 - page_parser.py - INFO - ----------------------------------------------------------------------------------------------------
2026-06-23 20:07:20,776 - page_parser.py - INFO - vivo X300系列正式成为#龙拳北京嘉年华2026周杰伦演唱会#  官方合作演唱会神器！对周杰伦演唱会的奔赴，每个人都有不同的故事！6月26日-6月28日，带上 #vivo演唱会神器#  vivo X300 Ultra | X300s，一起去鸟巢看周杰伦！  原图 
微博发布位置：无
发布时间：2026-06-22 11:02
发布工具：微博网页版
点赞数：476
转发数：89
评论数：98
url：https://weibo.cn/comment/R5gQdmB7T

2026-06-23 20:07:20,776 - page_parser.py - INFO - ----------------------------------------------------------------------------------------------------
2026-06-23 20:07:21,186 - util.py - WARNING - 当前账号没有浏览该视频的权限
2026-06-23 20:07:21,187 - page_parser.py - ERROR - cannot access local variable 'video_url' where it is not associated with a value
Traceback (most recent call last):
  File "D:\vibe code\weiboSpider-master\weiboSpider-master\weibo_spider\parser\page_parser.py", line 311, in get_video_url
    video_url = to_video_download_url(self.cookie, video_page_url)
  File "D:\vibe code\weiboSpider-master\weiboSpider-master\weibo_spider\parser\util.py", line 139, in to_video_download_url
    return video_url
           ^^^^^^^^^
UnboundLocalError: cannot access local variable 'video_url' where it is not associated with a value
2026-06-23 20:07:21,188 - page_parser.py - INFO - 办公Mark、出游Mark ，超能Mark全搞定！和vivo X Fold6 先锋大使 Mark @趙又廷 一起，展开大屏更多可能。6月26日19:00，Mark住#vivo X Fold6#新品发布会，#AI轻办公神器#，喜欢，Mark了！#OriginOS 6##天猫小黑盒#vivo的微博视频  
微博发布位置：无
发布时间：2026-06-22 10:13
发布工具：微博视频号
点赞数：2813
转发数：457
评论数：402
url：https://weibo.cn/comment/R5gw4BxqN

2026-06-23 20:07:21,188 - page_parser.py - INFO - ----------------------------------------------------------------------------------------------------
2026-06-23 20:07:21,189 - page_parser.py - INFO - 快来投票选出#vivo X Fold6# 你最心动的配色！蓝洞，独特而神秘。盐湖，简单纯粹。极夜，不张扬，却也浪漫。黑金，尽显优雅。 #OriginOS 6# #AI轻办公神器#  大家更pick哪个颜色呢~  
微博发布位置：无
发布时间：2026-06-18 15:00
发布工具：微博网页版
点赞数：3415
转发数：124
评论数：141
url：https://weibo.cn/comment/R4GGIA2Td

2026-06-23 20:07:21,189 - page_parser.py - INFO - ----------------------------------------------------------------------------------------------------
2026-06-23 20:07:21,189 - spider.py - INFO - ------------------------------已获取vivo(1809745371)的第1页微博------------------------------
2026-06-23 20:07:21,189 - downloader.py - INFO - 即将进行原创微博图片下载
2026-06-23 20:07:46,903 - downloader.py - INFO - 原创微博图片下载完毕,保存路径:
2026-06-23 20:07:46,903 - downloader.py - INFO - D:\vibe code\weiboSpider-master\weiboSpider-master\weibo\vivo\img
2026-06-23 20:07:46,903 - downloader.py - INFO - 即将进行转发微博图片下载
2026-06-23 20:07:46,904 - downloader.py - INFO - 转发微博图片下载完毕,保存路径:
2026-06-23 20:07:46,904 - downloader.py - INFO - D:\vibe code\weiboSpider-master\weiboSpider-master\weibo\vivo\img
2026-06-23 20:07:46,904 - downloader.py - INFO - 即将进行视频下载
2026-06-23 20:07:46,905 - downloader.py - INFO - 视频下载完毕,保存路径:
2026-06-23 20:07:46,905 - downloader.py - INFO - D:\vibe code\weiboSpider-master\weiboSpider-master\weibo\vivo\video
2026-06-23 20:07:46,906 - csv_writer.py - INFO - 11条微博写入csv文件完毕，保存路径：D:\vibe code\weiboSpider-master\weiboSpider-master\weibo\vivo\1809745371.csv
2026-06-23 20:07:46,907 - txt_writer.py - INFO - 11条微博写入txt文件完毕，保存路径：D:\vibe code\weiboSpider-master\weiboSpider-master\weibo\vivo\1809745371.txt
2026-06-23 20:07:47,792 - page_parser.py - INFO - 解锁#vivo X Fold6# 全新配色！蓝洞，灵感来自“深海大蓝洞”，是“会呼吸的蓝”，独特而神秘。盐湖，灵感来自“天空之镜”，简单纯粹。极夜，灵感来自极圈的长夜，不张扬，却也浪漫。黑金，浓黑为底，鎏金点睛，尽显优雅。 #OriginOS 6##AI轻办公神器##vivo[超话]#  [组图共4张] 原图 
微博发布位置：无
发布时间：2026-06-18 10:44
发布工具：vivo超话
点赞数：183
转发数：38
评论数：48
url：https://weibo.cn/comment/R4F0FCofs

2026-06-23 20:07:47,795 - page_parser.py - INFO - ----------------------------------------------------------------------------------------------------
2026-06-23 20:07:50,246 - page_parser.py - INFO - :6 月 15 日，南博（大理）国际影会之“青年摄影人才发展”研讨会圆满落幕，中国摄协、vivo、大理影会、青年摄影师代表，及高校代表，就中国摄协与 vivo 的战略合作重点项目——《青年摄影家计划》的价值意义、选拔标准、培养体系展开深入论证与讨论。鼓励青年摄影师大胆创作，勇敢表达，让中国移动影像，走向世界舞台！         [
微博发布位置：无
发布时间：2026-06-17 17:11
发布工具：无
点赞数：49
转发数：0
评论数：5
url：https://weibo.cn/comment/R4y7oah24

2026-06-23 20:07:50,246 - page_parser.py - INFO - ----------------------------------------------------------------------------------------------------
2026-06-23 20:07:50,573 - page_parser.py - INFO - 旋律与光影交汇，热爱持续升温。「大炮400」增距镜超长焦影像记录，#vivo X300 Ultra专业V单# 见证每一个高燃现场，高光细节历历在目。专业V单更清晰，山顶也是VIP。#歌手直播##出发去创作#  [组图共9张] 原图 
微博发布位置：无
发布时间：2026-06-17 17:00
发布工具：微博网页版
点赞数：57
转发数：3
评论数：5
url：https://weibo.cn/comment/R4y2ZlqbU

2026-06-23 20:07:50,574 - page_parser.py - INFO - ----------------------------------------------------------------------------------------------------
2026-06-23 20:07:51,003 - util.py - WARNING - 当前账号没有浏览该视频的权限
2026-06-23 20:07:51,004 - page_parser.py - ERROR - cannot access local variable 'video_url' where it is not associated with a value
Traceback (most recent call last):
  File "D:\vibe code\weiboSpider-master\weiboSpider-master\weibo_spider\parser\page_parser.py", line 311, in get_video_url
    video_url = to_video_download_url(self.cookie, video_page_url)
  File "D:\vibe code\weiboSpider-master\weiboSpider-master\weibo_spider\parser\util.py", line 139, in to_video_download_url
    return video_url
           ^^^^^^^^^
UnboundLocalError: cannot access local variable 'video_url' where it is not associated with a value
2026-06-23 20:07:51,005 - page_parser.py - INFO - #vivo X Fold6#  蓝洞全新配色亮相。以独特色彩传递科技品味，以优雅姿态定格光影之美。 #OriginOS 6##AI轻办公神器# vivo的微博视频  
微博发布位置：无
发布时间：2026-06-17 10:21
发布工具：微博视频号
点赞数：135
转发数：9
评论数：18
url：https://weibo.cn/comment/R4vqY6nZ6

2026-06-23 20:07:51,006 - page_parser.py - INFO - ----------------------------------------------------------------------------------------------------
2026-06-23 20:07:53,108 - page_parser.py - INFO - :#vivo头戴降噪耳机# 全新微风紫配色，火热开售中！
百搭微风紫温柔出圈｜穿搭氛围感直接拉满。
至高58dB自适应降噪｜独享静谧听觉空间。
40mm大动圈空间音频｜颜值实力双双在线。
👇点击链接，入手你的专属搭「紫」💜
官方商城：网页链接
京东自营：网页链接
天猫官旗：网页链接
微博发布位置：无
发布时间：2026-06-17 09:00
发布工具：无
点赞数：52
转发数：4
评论数：10
url：https://weibo.cn/comment/R4uTOqnzO

2026-06-23 20:07:53,108 - page_parser.py - INFO - ----------------------------------------------------------------------------------------------------
2026-06-23 20:07:55,621 - util.py - WARNING - 当前账号没有浏览该视频的权限
2026-06-23 20:07:55,622 - page_parser.py - ERROR - cannot access local variable 'video_url' where it is not associated with a value
Traceback (most recent call last):
  File "D:\vibe code\weiboSpider-master\weiboSpider-master\weibo_spider\parser\page_parser.py", line 311, in get_video_url
    video_url = to_video_download_url(self.cookie, video_page_url)
  File "D:\vibe code\weiboSpider-master\weiboSpider-master\weibo_spider\parser\util.py", line 139, in to_video_download_url
    return video_url
           ^^^^^^^^^
UnboundLocalError: cannot access local variable 'video_url' where it is not associated with a value
2026-06-23 20:07:55,624 - page_parser.py - INFO - 转发理由:快来一起解锁#vivo S60#的宝藏功能～超好用，超贴心！  
原始用户: OriginOS原系统
转发内容: #vivo S60#这些宝藏功能，真的值得上手试试！✨
好看的锁屏、高效的学习办公，还有超多越用越顺手的贴心功能，等你来解锁～
哪一个最让你心动？评论区和小原聊聊吧！【关注+转发】随机抽取3位幸运用户赠送哔哩哔哩大会员月卡！
#vivo全新系统OriginOS6##OriginOS6#    OriginOS原系统的微博视频   抽奖详情
微博发布位置：无
发布时间：2026-06-16 15:20
发布工具：无
点赞数：50
转发数：5
评论数：4
url：https://weibo.cn/comment/R4nXS8swm

2026-06-23 20:07:55,624 - page_parser.py - INFO - ----------------------------------------------------------------------------------------------------
2026-06-23 20:07:55,998 - page_parser.py - INFO - #vivo X Fold6# 全新蓝洞配色，是独特的蓝，也是优雅的蓝，会呼吸的蓝。蔡司两亿像素主摄、折叠首发等效200mm vivo蔡司增距镜G2，「折叠小V单」惊喜亮相。和vivo X Fold6先锋大使@朱珠ZhuZhu 一起，展开全新折叠屏，也展开生活的无限可能。#OriginOS 6##AI轻办公神器# #vivo[超话]#  [组图共3张] 原图 
微博发布位置：无
发布时间：2026-06-16 14:01
发布工具：vivo超话
点赞数：10291
转发数：11870
评论数：1099
url：https://weibo.cn/comment/R4nrIcVrS

2026-06-23 20:07:55,998 - page_parser.py - INFO - ----------------------------------------------------------------------------------------------------
2026-06-23 20:07:58,685 - page_parser.py - INFO - :为好声音，更进一步！
#vivo TWS 5 Pro# 搭载独立Hi-Fi DAC芯片，呈现极致声音细节；四麦深海智慧降噪，隔绝喧嚣，沉浸聆听；圈铁纯净合音架构，声音更清澈饱满。
#Hi-Fi人声大师# 从音质到降噪，旗舰体验，更进一步。6 月 26 日 19:00 重磅发布，敬请期待！
点击下方链接，即刻预约新品👇
官网：网页链接
天猫：网页链接
京东：网页链接
微博发布位置：无
发布时间：2026-06-16 09:50
发布工具：无
点赞数：344
转发数：104
评论数：85
url：https://weibo.cn/comment/R4lNC6GSn

2026-06-23 20:07:58,686 - page_parser.py - INFO - ----------------------------------------------------------------------------------------------------
2026-06-23 20:07:58,687 - page_parser.py - INFO - 毕业，是由无数个瞬间组成：最后一次并肩大笑、出校门前的回头、没来得及好好说的再见……这些普通的瞬间，都将成为人生难忘的高光时刻，它们值得被好好记录。 今年夏天，vivo&iQOO 发起「共赴星程 2026毕业影像展」，走进全国50+所高校，让毕业生拍出#我的毕业高光时刻#  原图 
微博发布位置：无
发布时间：2026-06-15 19:00
发布工具：无
点赞数：75
转发数：6
评论数：12
url：https://weibo.cn/comment/R4fYmqnsu

2026-06-23 20:07:58,687 - page_parser.py - INFO - ----------------------------------------------------------------------------------------------------
2026-06-23 20:07:58,687 - spider.py - INFO - ------------------------------已获取vivo(1809745371)的第2页微博------------------------------
2026-06-23 20:07:58,688 - downloader.py - INFO - 即将进行原创微博图片下载
2026-06-23 20:09:01,157 - downloader.py - INFO - 原创微博图片下载完毕,保存路径:
2026-06-23 20:09:01,157 - downloader.py - INFO - D:\vibe code\weiboSpider-master\weiboSpider-master\weibo\vivo\img
2026-06-23 20:09:01,157 - downloader.py - INFO - 即将进行转发微博图片下载
2026-06-23 20:09:01,158 - downloader.py - INFO - 转发微博图片下载完毕,保存路径:
2026-06-23 20:09:01,158 - downloader.py - INFO - D:\vibe code\weiboSpider-master\weiboSpider-master\weibo\vivo\img
2026-06-23 20:09:01,158 - downloader.py - INFO - 即将进行视频下载
2026-06-23 20:09:01,159 - downloader.py - INFO - 视频下载完毕,保存路径:
2026-06-23 20:09:01,159 - downloader.py - INFO - D:\vibe code\weiboSpider-master\weiboSpider-master\weibo\vivo\video
2026-06-23 20:09:01,160 - csv_writer.py - INFO - 9条微博写入csv文件完毕，保存路径：D:\vibe code\weiboSpider-master\weiboSpider-master\weibo\vivo\1809745371.csv
2026-06-23 20:09:01,160 - txt_writer.py - INFO - 9条微博写入txt文件完毕，保存路径：D:\vibe code\weiboSpider-master\weiboSpider-master\weibo\vivo\1809745371.txt
2026-06-23 20:09:03,886 - page_parser.py - INFO - :vivo × 腾讯公益 
#一起V爱一块捐书# 活动正式启动！
你书架上那本读过的好书，或许正是某个孩子从未见过的远方。
这个夏天，让书页间的感动，成为另一个童年里珍藏的光芒。
6月15日 - 7月31日期间，前往vivo指定活动门店参与捐书，即可收获电子捐赠证书以及给微信戴上小红花状态；同时捐赠 3 本可得联名气囊支架，捐赠 5 本及以上兑换星光大使联名金贴摆件，礼品有限，赠完即止。
一本旧书就能让知识跨越山河，点亮梦想。
带上好书，和vivo、@腾讯公益 一块，让星光传递爱意，让知识流动起来。#vivo##腾讯公益#
微博发布位置：无
发布时间：2026-06-15 11:00
发布工具：无
点赞数：71
转发数：8
评论数：8
url：https://weibo.cn/comment/R4cPx0isY

2026-06-23 20:09:03,886 - page_parser.py - INFO - ----------------------------------------------------------------------------------------------------
2026-06-23 20:09:04,306 - util.py - WARNING - 当前账号没有浏览该视频的权限
2026-06-23 20:09:04,307 - page_parser.py - ERROR - cannot access local variable 'video_url' where it is not associated with a value
Traceback (most recent call last):
  File "D:\vibe code\weiboSpider-master\weiboSpider-master\weibo_spider\parser\page_parser.py", line 311, in get_video_url
    video_url = to_video_download_url(self.cookie, video_page_url)
  File "D:\vibe code\weiboSpider-master\weiboSpider-master\weibo_spider\parser\util.py", line 139, in to_video_download_url
    return video_url
           ^^^^^^^^^
UnboundLocalError: cannot access local variable 'video_url' where it is not associated with a value
2026-06-23 20:09:04,308 - page_parser.py - INFO - 当歌声穿过光影，每一句都直抵人心。#vivo X300 Ultra专业V单# 2亿长焦超清晰，给你带来「山顶也是VIP」绝佳体验。超长焦视频定格舞台上的情绪流动，细腻还原层层光影与动人瞬间，让每一次开唱都更具感染力。#vivo演唱会神器##出发去创作# vivo的微博视频  
微博发布位置：无
发布时间：2026-06-15 10:00
发布工具：微博视频号
点赞数：53
转发数：2
评论数：7
url：https://weibo.cn/comment/R4crbnjaC

2026-06-23 20:09:04,308 - page_parser.py - INFO - ----------------------------------------------------------------------------------------------------
2026-06-23 20:09:04,722 - util.py - WARNING - 当前账号没有浏览该视频的权限
2026-06-23 20:09:04,722 - page_parser.py - ERROR - cannot access local variable 'video_url' where it is not associated with a value
Traceback (most recent call last):
  File "D:\vibe code\weiboSpider-master\weiboSpider-master\weibo_spider\parser\page_parser.py", line 311, in get_video_url
    video_url = to_video_download_url(self.cookie, video_page_url)
  File "D:\vibe code\weiboSpider-master\weiboSpider-master\weibo_spider\parser\util.py", line 139, in to_video_download_url
    return video_url
           ^^^^^^^^^
UnboundLocalError: cannot access local variable 'video_url' where it is not associated with a value
2026-06-23 20:09:04,723 - page_parser.py - INFO - 旋律与光影交汇，热爱持续升温。「大炮400」增距镜超长焦视频动态记录，#vivo X300 Ultra专业V单# 见证每一场高能对决，高光细节历历在目。专业V单更清晰，山顶也是VIP。沉浸式感受#歌手直播# 动人舞台。#出发去创作##vivo[超话]# vivo的微博视频  
微博发布位置：无
发布时间：2026-06-12 22:00
发布工具：vivo超话
点赞数：67
转发数：5
评论数：13
url：https://weibo.cn/comment/R3ORWjdur

2026-06-23 20:09:04,723 - page_parser.py - INFO - ----------------------------------------------------------------------------------------------------
2026-06-23 20:09:05,142 - util.py - WARNING - 当前账号没有浏览该视频的权限
2026-06-23 20:09:05,143 - page_parser.py - ERROR - cannot access local variable 'video_url' where it is not associated with a value
Traceback (most recent call last):
  File "D:\vibe code\weiboSpider-master\weiboSpider-master\weibo_spider\parser\page_parser.py", line 311, in get_video_url
    video_url = to_video_download_url(self.cookie, video_page_url)
  File "D:\vibe code\weiboSpider-master\weiboSpider-master\weibo_spider\parser\util.py", line 139, in to_video_download_url
    return video_url
           ^^^^^^^^^
UnboundLocalError: cannot access local variable 'video_url' where it is not associated with a value
2026-06-23 20:09:05,144 - page_parser.py - INFO - 转发理由:创作不停，热爱在场。#vivo X300 Ultra专业V单# 深度参与#歌手直播# 台前幕后专业视频创作，让每一份用心表达都清晰可见。专业V单更清晰，山顶也是VIP。 #出发去创作# 与歌手2026共赴山海。  
原始用户: 湖南卫视歌手
转发内容: 创作共鸣，支持每一次突破，记录每一份纯粹。歌手2026影像技术合作伙伴#vivo X300 Ultra专业V单# ，以专业影像能力丰富#歌手直播# 内容，从幕后耕耘到舞台高光，心跳同频、热爱永续。#出发去创作# 湖南卫视歌手的微博视频  
微博发布位置：无
发布时间：2026-06-12 13:06
发布工具：无
点赞数：118
转发数：7
评论数：29
url：https://weibo.cn/comment/R3LnfuRay

2026-06-23 20:09:05,144 - page_parser.py - INFO - ----------------------------------------------------------------------------------------------------
2026-06-23 20:09:05,443 - page_parser.py - INFO - #vivo夏日超值季# 盛夏焕新。现在入手 vivo 全家桶超划算，热销手机 X、S 系列搭配指定 IoT 产品组合购机至高优惠100元。焕新趁盛夏，好物一站式配齐！#教育优惠##vivo教育优惠#  [组图共4张] 原图 
微博发布位置：无
发布时间：2026-06-12 11:00
发布工具：无
点赞数：55
转发数：9
评论数：7
url：https://weibo.cn/comment/R3Ky2oX3u

2026-06-23 20:09:05,443 - page_parser.py - INFO - ----------------------------------------------------------------------------------------------------
2026-06-23 20:09:05,812 - page_parser.py - INFO - #vivo S60# 系列口碑大揭秘！首批先享用户真实评价来了👇📸 4K Live 原相机，记录每一个闪光时刻！✨「星星海」星芒光刻工艺，颜值能打！现正全网热销中，心动速戳链接抢购：网页链接  [组图共9张] 原图 
微博发布位置：无
发布时间：2026-06-11 21:00
发布工具：无
点赞数：78
转发数：5
评论数：13
url：https://weibo.cn/comment/R3F35g04H

2026-06-23 20:09:05,813 - page_parser.py - INFO - ----------------------------------------------------------------------------------------------------
2026-06-23 20:09:08,651 - page_parser.py - INFO - :vivo携手@阿里云 @天猫 开启【千问智能硬件618爆款开箱夜】
#vivo X300Ultra 专业V单# 重磅亮相，专业影像加持，一键解锁旅途创作力。
🎁转发随机抽送1个【vivo TWS 5i】
神秘嘉宾即将惊喜空降！
她是奥运卫冕冠军，也是隐藏的3C硬件发烧友。
雪场上，她腾空翻转。
直播里，她用金牌标准开箱验货。
她是谁？ 6月11日晚20:30，锁定天猫官方直播间，答案即将揭晓。
#千问智能硬件618爆款开箱夜# #天猫618#
微博发布位置：无
发布时间：2026-06-11 15:30
发布工具：无
点赞数：264
转发数：674
评论数：202
url：https://weibo.cn/comment/R3CT8omA1

2026-06-23 20:09:08,652 - page_parser.py - INFO - ----------------------------------------------------------------------------------------------------
2026-06-23 20:09:11,723 - page_parser.py - INFO - :#vivo头戴降噪耳机# 499元，开启你的沉浸聆听体验。至高58dB主动降噪，隔绝纷扰；40mm大动圈单元，释放澎湃声场；238g轻量机身，久戴依然舒适；75小时超长续航，音乐不停电；支持同时连接三个跨生态设备，切换更从容。两款清新配色上线，这款降噪好搭「紫」，绝配你的VOTD。
现已正式开售，点击下方链接，即刻入手👇
官方商城：网页链接
京东自营：网页链接
天猫官旗：网页链接         [
微博发布位置：无
发布时间：2026-06-11 15:00
发布工具：无
点赞数：56
转发数：9
评论数：11
url：https://weibo.cn/comment/R3CGY3gmJ

2026-06-23 20:09:11,724 - page_parser.py - INFO - ----------------------------------------------------------------------------------------------------
2026-06-23 20:09:14,542 - page_parser.py - INFO - :“AI时代，我们需要怎样的个人终端？”
昨天，vivo联合@爱范儿 发起AIDONE活动，和AI爱好者们对这个问题进行了一次集体追问。
答案很清晰：折叠屏，是AI体验的最佳载体。它第一次把手机的随身性，与生产力工具的任务空间合为一体。合上，是一台随时握在手里的旗舰手机；展开，是一个可以承载完整任务流的移动工作台。
vivo X Fold系列的目标，是做AI体验最好的移动终端。让每一个普通人，都有更多机会把想法变成现实，把热爱带到台前。
#vivo X Fold6##OriginOS 6##AI轻办公神器#         [
微博发布位置：无
发布时间：2026-06-11 09:30
发布工具：vivo X Fold6
点赞数：116
转发数：9
评论数：21
url：https://weibo.cn/comment/R3Ax55uLc

2026-06-23 20:09:14,542 - page_parser.py - INFO - ----------------------------------------------------------------------------------------------------
2026-06-23 20:09:17,773 - util.py - WARNING - 当前账号没有浏览该视频的权限
2026-06-23 20:09:17,774 - page_parser.py - ERROR - cannot access local variable 'video_url' where it is not associated with a value
Traceback (most recent call last):
  File "D:\vibe code\weiboSpider-master\weiboSpider-master\weibo_spider\parser\page_parser.py", line 311, in get_video_url
    video_url = to_video_download_url(self.cookie, video_page_url)
  File "D:\vibe code\weiboSpider-master\weiboSpider-master\weibo_spider\parser\util.py", line 139, in to_video_download_url
    return video_url
           ^^^^^^^^^
UnboundLocalError: cannot access local variable 'video_url' where it is not associated with a value
2026-06-23 20:09:17,775 - page_parser.py - INFO - :🎬 电影级影像先锋、旅拍创作者——Sam Kolder《花园大道》幕后解密：
七天的南非旅途中，他放下所有沉重的器材，只与一群挚友和一部 #vivo X300Ultra#  同行。
从天空潜入海底，从海岸走向悬崖。烈日之下、深水之中、夜色深处、颠簸之上——越是复杂的场景，灵感越是肆意生长。
全焦段4K 120fps 10bit Log、全焦段OIS、专业录像Pro模式、专业外摄，这是他随时握住灵感的底气。
“用这部手机拍摄，让我真正走进画面里，而不仅仅是站在相机后。”
#vivo X300Ultra 专业V单# ，拍出电影感。 vivo的微博视频
微博发布位置：无
发布时间：2026-06-10 12:00
发布工具：微博视频号
点赞数：539
转发数：5
评论数：68
url：https://weibo.cn/comment/R3s5pCoyA

2026-06-23 20:09:17,775 - page_parser.py - INFO - ----------------------------------------------------------------------------------------------------
2026-06-23 20:09:17,776 - spider.py - INFO - ------------------------------已获取vivo(1809745371)的第3页微博------------------------------
2026-06-23 20:09:17,776 - downloader.py - INFO - 即将进行原创微博图片下载
2026-06-23 20:09:59,577 - downloader.py - INFO - 原创微博图片下载完毕,保存路径:
2026-06-23 20:09:59,577 - downloader.py - INFO - D:\vibe code\weiboSpider-master\weiboSpider-master\weibo\vivo\img
2026-06-23 20:09:59,577 - downloader.py - INFO - 即将进行转发微博图片下载
2026-06-23 20:09:59,578 - downloader.py - INFO - 转发微博图片下载完毕,保存路径:
2026-06-23 20:09:59,578 - downloader.py - INFO - D:\vibe code\weiboSpider-master\weiboSpider-master\weibo\vivo\img
2026-06-23 20:09:59,578 - downloader.py - INFO - 即将进行视频下载
2026-06-23 20:09:59,578 - downloader.py - INFO - 视频下载完毕,保存路径:
2026-06-23 20:09:59,578 - downloader.py - INFO - D:\vibe code\weiboSpider-master\weiboSpider-master\weibo\vivo\video
2026-06-23 20:09:59,579 - csv_writer.py - INFO - 10条微博写入csv文件完毕，保存路径：D:\vibe code\weiboSpider-master\weiboSpider-master\weibo\vivo\1809745371.csv
2026-06-23 20:09:59,580 - txt_writer.py - INFO - 10条微博写入txt文件完毕，保存路径：D:\vibe code\weiboSpider-master\weiboSpider-master\weibo\vivo\1809745371.txt
2026-06-23 20:10:00,053 - page_parser.py - INFO - #vivo头戴降噪耳机# 云雾白配色，今日正式开售！至高58dB主动降噪｜一键隔绝纷扰75小时超长续航｜音乐持久不断电跨生态无缝三连接｜办公娱乐随时切换👇戳链接，入手你的专属色，绝配你的 VOTD！官方商城：网页链接京东自营：网页链接天猫官旗：网页链接  原图 
微博发布位置：无
发布时间：2026-06-10 09:00
发布工具：无
点赞数：214
转发数：6
评论数：64
url：https://weibo.cn/comment/R3qUl59cU

2026-06-23 20:10:00,054 - page_parser.py - INFO - ----------------------------------------------------------------------------------------------------
2026-06-23 20:10:03,530 - page_parser.py - INFO - :逐梦前行，奔赴下一程山海💫#vivo618## 教育优惠 #已上线，完成教育认证，解锁专属福利，伴你开启全新旅程🎁转发随机抽送1个【自拍杆】✌️
购#vivo S60系列#，加赠价值299元vivo自带线充电宝A1⚡️
购#vivo X300系列#指定机型，限量加赠299元vivo TWS A4/A5耳机🎧
购#vivo Y600 Pro# ，加赠价值至高288元的1年延保+3年电池宝🔋
更多购机福利戳链接一键解锁⬇️
vivo官网：网页链接
京东自营：网页链接
京东官旗：网页链接
天猫官旗：网页链接
拼多多官旗：网页链接
抖音官旗：http://t.cn/AXG8ZI45
快手官旗：http://t.cn/A6EEyCyq
招行官旗：http://t.cn/A6XNrQvg         [
微博发布位置：无
发布时间：2026-06-09 15:30
发布工具：无
点赞数：285
转发数：202
评论数：93
url：https://weibo.cn/comment/R3k291qDl

2026-06-23 20:10:03,530 - page_parser.py - INFO - ----------------------------------------------------------------------------------------------------
